<?xml version="1.0" encoding="UTF-8"?>
<!-- Generated by org.testng.reporters.JUnitReportReporter -->
<testsuite hostname="NEW375-G6" failures="0" tests="1" name="com.demo.test.DemoTest" time="0.013" errors="0" timestamp="22 Sep 2021 16:05:58 GMT" skipped="0">
  <testcase classname="com.demo.test.DemoTest" name="sum" time="0.013"/>
</testsuite> <!-- com.demo.test.DemoTest -->
