<?xml version="1.0" encoding="UTF-8"?>
<!-- Generated by org.testng.reporters.JUnitReportReporter -->
<testsuite hostname="NEW375-G6" failures="0" tests="1" name="com.demo.test.Base" time="0.016" errors="0" timestamp="22 Sep 2021 16:05:48 GMT" skipped="0">
  <testcase classname="com.demo.test.Base" name="sum" time="0.016"/>
</testsuite> <!-- com.demo.test.Base -->
